<?xml version="1.0" encoding="UTF-8"?>
<testng-results ignored="0" total="1" passed="1" failed="0" skipped="0">
  <reporter-output>
  </reporter-output>
  <suite started-at="2023-12-15T10:42:01 ICT" name="Suite" finished-at="2023-12-15T10:42:20 ICT" duration-ms="18221">
    <groups>
    </groups>
    <test started-at="2023-12-15T10:42:01 ICT" name="Android" finished-at="2023-12-15T10:42:20 ICT" duration-ms="18221">
      <class name="Todo_Android">
        <test-method signature="test_add_task()[pri:0, instance:Todo_Android@6fdbe764]" started-at="2023-12-15T10:42:01 ICT" name="test_add_task" finished-at="2023-12-15T10:42:20 ICT" duration-ms="18185" status="PASS">
          <reporter-output>
          </reporter-output>
        </test-method> <!-- test_add_task -->
      </class> <!-- Todo_Android -->
    </test> <!-- Android -->
  </suite> <!-- Suite -->
</testng-results>
